<?xml version="1.0" encoding="UTF-8"?>
<!-- Generated by org.testng.reporters.JUnitReportReporter -->
<testsuite skipped="0" hostname="LAPTOP-R1MKNLRD" name="test.CategoryFunctionTest" tests="1" failures="0" timestamp="2021-10-16T15:39:17 CDT" time="3.481" errors="0">
  <testcase name="validUserisAbleToAddCategory" time="3.481" classname="test.CategoryFunctionTest"/>
  <system-out/>
</testsuite> <!-- test.CategoryFunctionTest -->
